{
  "stats": {
    "suites": 2,
    "tests": 10,
    "passes": 5,
    "pending": 0,
    "failures": 5,
    "testsRegistered": 10,
    "passPercent": 50,
    "pendingPercent": 0,
    "other": 0,
    "hasOther": false,
    "skipped": 0,
    "hasSkipped": false,
    "start": "2025-09-17T11:09:47.181Z",
    "end": "2025-09-17T11:10:39.374Z",
    "duration": 52193
  },
  "results": [
    {
      "uuid": "d61a6d53-72e9-420a-a0b4-20789682b4d1",
      "title": "",
      "fullFile": "cypress/e2e/step_definitions/cadastro.feature",
      "file": "cypress/e2e/step_definitions/cadastro.feature",
      "beforeHooks": [],
      "afterHooks": [],
      "tests": [],
      "suites": [
        {
          "uuid": "01d8f442-3c6a-431c-9ce6-2e5e524d0ca5",
          "title": "Cadastro",
          "fullFile": "",
          "file": "",
          "beforeHooks": [],
          "afterHooks": [],
          "tests": [
            {
              "title": "Cadastro com todos os campos preenchidos e saldo ativado",
              "fullTitle": "Cadastro Cadastro com todos os campos preenchidos e saldo ativado",
              "timedOut": null,
              "duration": 3243,
              "state": "passed",
              "speed": "fast",
              "pass": true,
              "fail": false,
              "pending": false,
              "context": null,
              "code": "const state = window.testState;\nreturn cy\n  .then(() => state.onStartScenario(scenario, indexedSteps))\n  .then(() =>\n    resolveAndRunBeforeHooks.call(this, scenario.tags, state.feature.name)\n  )\n  .then(() =>\n    indexedSteps.forEach((step) =>\n      stepTest.call(this, state, step, rowData)\n    )\n  )\n  .then(() => state.onFinishScenario(scenario));",
              "err": {},
              "uuid": "07c8fe19-6de1-40e2-9bad-c734554cc751",
              "parentUUID": "01d8f442-3c6a-431c-9ce6-2e5e524d0ca5",
              "isHook": false,
              "skipped": false
            },
            {
              "title": "Cadastro sem preencher nome",
              "fullTitle": "Cadastro Cadastro sem preencher nome",
              "timedOut": null,
              "duration": 1788,
              "state": "passed",
              "speed": "fast",
              "pass": true,
              "fail": false,
              "pending": false,
              "context": null,
              "code": "const state = window.testState;\nreturn cy\n  .then(() => state.onStartScenario(scenario, indexedSteps))\n  .then(() =>\n    resolveAndRunBeforeHooks.call(this, scenario.tags, state.feature.name)\n  )\n  .then(() =>\n    indexedSteps.forEach((step) =>\n      stepTest.call(this, state, step, rowData)\n    )\n  )\n  .then(() => state.onFinishScenario(scenario));",
              "err": {},
              "uuid": "a5f1122d-5124-4423-a180-b7b41fc1b7e0",
              "parentUUID": "01d8f442-3c6a-431c-9ce6-2e5e524d0ca5",
              "isHook": false,
              "skipped": false
            },
            {
              "title": "Cadastro sem preencher email",
              "fullTitle": "Cadastro Cadastro sem preencher email",
              "timedOut": null,
              "duration": 6827,
              "state": "failed",
              "speed": null,
              "pass": false,
              "fail": true,
              "pending": false,
              "context": null,
              "code": "const state = window.testState;\nreturn cy\n  .then(() => state.onStartScenario(scenario, indexedSteps))\n  .then(() =>\n    resolveAndRunBeforeHooks.call(this, scenario.tags, state.feature.name)\n  )\n  .then(() =>\n    indexedSteps.forEach((step) =>\n      stepTest.call(this, state, step, rowData)\n    )\n  )\n  .then(() => state.onFinishScenario(scenario));",
              "err": {
                "message": "AssertionError: Timed out retrying after 5000ms: Expected to find content: 'Email não pode ser vazio' but never did.",
                "estack": "AssertionError: Timed out retrying after 5000ms: Expected to find content: 'Email não pode ser vazio' but never did.\n    at Context.eval (cypress/e2e/step_definitions/cadastro/cadastro.js:43:24)\n    at Context.resolveAndRunStepDefinition (node_modules/cypress-cucumber-preprocessor/lib/resolveStepDefinition.js:193:0)\n    at Context.eval (node_modules/cypress-cucumber-preprocessor/lib/createTestFromScenario.js:27:0)",
                "diff": null
              },
              "uuid": "a0c784b4-b14e-40c9-af68-0701c78935aa",
              "parentUUID": "01d8f442-3c6a-431c-9ce6-2e5e524d0ca5",
              "isHook": false,
              "skipped": false
            },
            {
              "title": "Cadastro sem preencher senha",
              "fullTitle": "Cadastro Cadastro sem preencher senha",
              "timedOut": null,
              "duration": 6728,
              "state": "failed",
              "speed": null,
              "pass": false,
              "fail": true,
              "pending": false,
              "context": null,
              "code": "const state = window.testState;\nreturn cy\n  .then(() => state.onStartScenario(scenario, indexedSteps))\n  .then(() =>\n    resolveAndRunBeforeHooks.call(this, scenario.tags, state.feature.name)\n  )\n  .then(() =>\n    indexedSteps.forEach((step) =>\n      stepTest.call(this, state, step, rowData)\n    )\n  )\n  .then(() => state.onFinishScenario(scenario));",
              "err": {
                "message": "AssertionError: Timed out retrying after 5000ms: Expected to find content: 'Senha não pode ser vazio' but never did.",
                "estack": "AssertionError: Timed out retrying after 5000ms: Expected to find content: 'Senha não pode ser vazio' but never did.\n    at Context.eval (cypress/e2e/step_definitions/cadastro/cadastro.js:43:24)\n    at Context.resolveAndRunStepDefinition (node_modules/cypress-cucumber-preprocessor/lib/resolveStepDefinition.js:193:0)\n    at Context.eval (node_modules/cypress-cucumber-preprocessor/lib/createTestFromScenario.js:27:0)",
                "diff": null
              },
              "uuid": "92dc6c1c-ee6e-4927-93d5-b1c63b4ea70c",
              "parentUUID": "01d8f442-3c6a-431c-9ce6-2e5e524d0ca5",
              "isHook": false,
              "skipped": false
            },
            {
              "title": "Cadastro sem preencher confirmação de senha",
              "fullTitle": "Cadastro Cadastro sem preencher confirmação de senha",
              "timedOut": null,
              "duration": 6714,
              "state": "failed",
              "speed": null,
              "pass": false,
              "fail": true,
              "pending": false,
              "context": null,
              "code": "const state = window.testState;\nreturn cy\n  .then(() => state.onStartScenario(scenario, indexedSteps))\n  .then(() =>\n    resolveAndRunBeforeHooks.call(this, scenario.tags, state.feature.name)\n  )\n  .then(() =>\n    indexedSteps.forEach((step) =>\n      stepTest.call(this, state, step, rowData)\n    )\n  )\n  .then(() => state.onFinishScenario(scenario));",
              "err": {
                "message": "AssertionError: Timed out retrying after 5000ms: Expected to find content: 'Confirmar senha não pode ser vazio' but never did.",
                "estack": "AssertionError: Timed out retrying after 5000ms: Expected to find content: 'Confirmar senha não pode ser vazio' but never did.\n    at Context.eval (cypress/e2e/step_definitions/cadastro/cadastro.js:43:24)\n    at Context.resolveAndRunStepDefinition (node_modules/cypress-cucumber-preprocessor/lib/resolveStepDefinition.js:193:0)\n    at Context.eval (node_modules/cypress-cucumber-preprocessor/lib/createTestFromScenario.js:27:0)",
                "diff": null
              },
              "uuid": "9e3a39f4-a1f4-4d41-8feb-c7000d89ecbb",
              "parentUUID": "01d8f442-3c6a-431c-9ce6-2e5e524d0ca5",
              "isHook": false,
              "skipped": false
            },
            {
              "title": "Cadastro com senha e confirmação diferentes",
              "fullTitle": "Cadastro Cadastro com senha e confirmação diferentes",
              "timedOut": null,
              "duration": 6845,
              "state": "failed",
              "speed": null,
              "pass": false,
              "fail": true,
              "pending": false,
              "context": null,
              "code": "const state = window.testState;\nreturn cy\n  .then(() => state.onStartScenario(scenario, indexedSteps))\n  .then(() =>\n    resolveAndRunBeforeHooks.call(this, scenario.tags, state.feature.name)\n  )\n  .then(() =>\n    indexedSteps.forEach((step) =>\n      stepTest.call(this, state, step, rowData)\n    )\n  )\n  .then(() => state.onFinishScenario(scenario));",
              "err": {
                "message": "AssertionError: Timed out retrying after 5000ms: Expected to find content: 'As senhas devem ser iguais' but never did.",
                "estack": "AssertionError: Timed out retrying after 5000ms: Expected to find content: 'As senhas devem ser iguais' but never did.\n    at Context.eval (cypress/e2e/step_definitions/cadastro/cadastro.js:43:24)\n    at Context.resolveAndRunStepDefinition (node_modules/cypress-cucumber-preprocessor/lib/resolveStepDefinition.js:193:0)\n    at Context.eval (node_modules/cypress-cucumber-preprocessor/lib/createTestFromScenario.js:27:0)",
                "diff": null
              },
              "uuid": "80e3dd59-8357-44bf-ba90-5ec161bd2727",
              "parentUUID": "01d8f442-3c6a-431c-9ce6-2e5e524d0ca5",
              "isHook": false,
              "skipped": false
            }
          ],
          "suites": [],
          "passes": [
            "07c8fe19-6de1-40e2-9bad-c734554cc751",
            "a5f1122d-5124-4423-a180-b7b41fc1b7e0"
          ],
          "failures": [
            "a0c784b4-b14e-40c9-af68-0701c78935aa",
            "92dc6c1c-ee6e-4927-93d5-b1c63b4ea70c",
            "9e3a39f4-a1f4-4d41-8feb-c7000d89ecbb",
            "80e3dd59-8357-44bf-ba90-5ec161bd2727"
          ],
          "pending": [],
          "skipped": [],
          "duration": 32145,
          "root": false,
          "rootEmpty": false,
          "_timeout": 2000
        }
      ],
      "passes": [],
      "failures": [],
      "pending": [],
      "skipped": [],
      "duration": 0,
      "root": true,
      "rootEmpty": true,
      "_timeout": 2000
    },
    {
      "uuid": "aae8352d-6e51-46a6-9b35-4050d187ce84",
      "title": "",
      "fullFile": "cypress/e2e/step_definitions/login.feature",
      "file": "cypress/e2e/step_definitions/login.feature",
      "beforeHooks": [],
      "afterHooks": [],
      "tests": [],
      "suites": [
        {
          "uuid": "6945adee-ea37-4469-8309-b414b3bbf725",
          "title": "Login",
          "fullFile": "",
          "file": "",
          "beforeHooks": [],
          "afterHooks": [],
          "tests": [
            {
              "title": "Tentativa de login sem preencher campos obrigatórios",
              "fullTitle": "Login Tentativa de login sem preencher campos obrigatórios",
              "timedOut": null,
              "duration": 5525,
              "state": "failed",
              "speed": null,
              "pass": false,
              "fail": true,
              "pending": false,
              "context": null,
              "code": "const state = window.testState;\nreturn cy\n  .then(() => state.onStartScenario(scenario, indexedSteps))\n  .then(() =>\n    resolveAndRunBeforeHooks.call(this, scenario.tags, state.feature.name)\n  )\n  .then(() =>\n    indexedSteps.forEach((step) =>\n      stepTest.call(this, state, step, rowData)\n    )\n  )\n  .then(() => state.onFinishScenario(scenario));",
              "err": {
                "message": "AssertionError: Timed out retrying after 5000ms: expected '[ <p.input__warging>, 5 more... ]' to contain text 'Usuário e senha precisam ser preenchidos', but the text was 'É campo obrigatórioÉ campo obrigatório'",
                "estack": "AssertionError: Timed out retrying after 5000ms: expected '[ <p.input__warging>, 5 more... ]' to contain text 'Usuário e senha precisam ser preenchidos', but the text was 'É campo obrigatórioÉ campo obrigatório'\n    at LoginPage.verificarMensagemCampoObrigatorio (cypress/e2e/pages/loginPage.js:25:39)\n    at Context.eval (cypress/e2e/step_definitions/login/login.js:47:12)\n    at Context.resolveAndRunStepDefinition (node_modules/cypress-cucumber-preprocessor/lib/resolveStepDefinition.js:193:0)\n    at Context.eval (node_modules/cypress-cucumber-preprocessor/lib/createTestFromScenario.js:27:0)",
                "diff": "- 'É campo obrigatórioÉ campo obrigatório'\n+ 'Usuário e senha precisam ser preenchidos'\n"
              },
              "uuid": "b635ee40-0777-457b-abe1-6618140da25a",
              "parentUUID": "6945adee-ea37-4469-8309-b414b3bbf725",
              "isHook": false,
              "skipped": false
            },
            {
              "title": "Tentativa de login com usuário inválido",
              "fullTitle": "Login Tentativa de login com usuário inválido",
              "timedOut": null,
              "duration": 949,
              "state": "passed",
              "speed": "fast",
              "pass": true,
              "fail": false,
              "pending": false,
              "context": null,
              "code": "const state = window.testState;\nreturn cy\n  .then(() => state.onStartScenario(scenario, indexedSteps))\n  .then(() =>\n    resolveAndRunBeforeHooks.call(this, scenario.tags, state.feature.name)\n  )\n  .then(() =>\n    indexedSteps.forEach((step) =>\n      stepTest.call(this, state, step, rowData)\n    )\n  )\n  .then(() => state.onFinishScenario(scenario));",
              "err": {},
              "uuid": "b81fd70f-f6d4-4b4a-851a-22e5577255da",
              "parentUUID": "6945adee-ea37-4469-8309-b414b3bbf725",
              "isHook": false,
              "skipped": false
            },
            {
              "title": "Login com sucesso",
              "fullTitle": "Login Login com sucesso",
              "timedOut": null,
              "duration": 2238,
              "state": "passed",
              "speed": "fast",
              "pass": true,
              "fail": false,
              "pending": false,
              "context": null,
              "code": "const state = window.testState;\nreturn cy\n  .then(() => state.onStartScenario(scenario, indexedSteps))\n  .then(() =>\n    resolveAndRunBeforeHooks.call(this, scenario.tags, state.feature.name)\n  )\n  .then(() =>\n    indexedSteps.forEach((step) =>\n      stepTest.call(this, state, step, rowData)\n    )\n  )\n  .then(() => state.onFinishScenario(scenario));",
              "err": {},
              "uuid": "dd3c75f4-019e-4753-937d-431d1f7b484a",
              "parentUUID": "6945adee-ea37-4469-8309-b414b3bbf725",
              "isHook": false,
              "skipped": false
            },
            {
              "title": "Logout do sistema",
              "fullTitle": "Login Logout do sistema",
              "timedOut": null,
              "duration": 2547,
              "state": "passed",
              "speed": "fast",
              "pass": true,
              "fail": false,
              "pending": false,
              "context": null,
              "code": "const state = window.testState;\nreturn cy\n  .then(() => state.onStartScenario(scenario, indexedSteps))\n  .then(() =>\n    resolveAndRunBeforeHooks.call(this, scenario.tags, state.feature.name)\n  )\n  .then(() =>\n    indexedSteps.forEach((step) =>\n      stepTest.call(this, state, step, rowData)\n    )\n  )\n  .then(() => state.onFinishScenario(scenario));",
              "err": {},
              "uuid": "d668c5d0-20fd-45d0-b177-2916ca59d658",
              "parentUUID": "6945adee-ea37-4469-8309-b414b3bbf725",
              "isHook": false,
              "skipped": false
            }
          ],
          "suites": [],
          "passes": [
            "b81fd70f-f6d4-4b4a-851a-22e5577255da",
            "dd3c75f4-019e-4753-937d-431d1f7b484a",
            "d668c5d0-20fd-45d0-b177-2916ca59d658"
          ],
          "failures": [
            "b635ee40-0777-457b-abe1-6618140da25a"
          ],
          "pending": [],
          "skipped": [],
          "duration": 11259,
          "root": false,
          "rootEmpty": false,
          "_timeout": 2000
        }
      ],
      "passes": [],
      "failures": [],
      "pending": [],
      "skipped": [],
      "duration": 0,
      "root": true,
      "rootEmpty": true,
      "_timeout": 2000
    }
  ],
  "meta": {
    "mocha": {
      "version": "7.0.1"
    },
    "mochawesome": {
      "options": {
        "quiet": false,
        "reportFilename": "mochawesome",
        "saveHtml": true,
        "saveJson": true,
        "consoleReporter": "spec",
        "useInlineDiffs": false,
        "code": true
      },
      "version": "7.1.3"
    },
    "marge": {
      "options": {
        "reportDir": "cypress/reports",
        "overwrite": false,
        "html": true,
        "json": true
      },
      "version": "6.2.0"
    }
  }
}