{
  "stats": {
    "suites": 2,
    "tests": 10,
    "passes": 3,
    "pending": 0,
    "failures": 7,
    "testsRegistered": 10,
    "passPercent": 30,
    "pendingPercent": 0,
    "other": 0,
    "hasOther": false,
    "skipped": 0,
    "hasSkipped": false,
    "start": "2025-09-09T11:10:40.573Z",
    "end": "2025-09-09T11:11:37.263Z",
    "duration": 56690
  },
  "results": [
    {
      "uuid": "4fcd8b17-b7ce-4579-80c8-89bb1cc497de",
      "title": "",
      "fullFile": "cypress/e2e/step_definitions/cadastro.feature",
      "file": "cypress/e2e/step_definitions/cadastro.feature",
      "beforeHooks": [],
      "afterHooks": [],
      "tests": [],
      "suites": [
        {
          "uuid": "d4245383-7fd1-4dd9-bc28-1f27f3db4768",
          "title": "Cadastro",
          "fullFile": "",
          "file": "",
          "beforeHooks": [],
          "afterHooks": [],
          "tests": [
            {
              "title": "Cadastro com todos os campos preenchidos e saldo ativado",
              "fullTitle": "Cadastro Cadastro com todos os campos preenchidos e saldo ativado",
              "timedOut": null,
              "duration": 5261,
              "state": "failed",
              "speed": null,
              "pass": false,
              "fail": true,
              "pending": false,
              "context": null,
              "code": "const state = window.testState;\nreturn cy\n  .then(() => state.onStartScenario(scenario, indexedSteps))\n  .then(() =>\n    resolveAndRunBeforeHooks.call(this, scenario.tags, state.feature.name)\n  )\n  .then(() =>\n    indexedSteps.forEach((step) =>\n      stepTest.call(this, state, step, rowData)\n    )\n  )\n  .then(() => state.onFinishScenario(scenario));",
              "err": {
                "message": "CypressError: Timed out after waiting `5000ms` for your remote page to load.\n\nYour page did not fire its `load` event within `5000ms`.\n\nYou can try increasing the `pageLoadTimeout` value in `home/runner/work/automation-BugBank-v2/automation-BugBank-v2/cypress.config.js` to wait longer.\n\nBrowsers will not fire the `load` event until all stylesheets and scripts are done downloading.\n\nWhen this `load` event occurs, Cypress will continue running commands.",
                "estack": "CypressError: Timed out after waiting `5000ms` for your remote page to load.\n\nYour page did not fire its `load` event within `5000ms`.\n\nYou can try increasing the `pageLoadTimeout` value in `home/runner/work/automation-BugBank-v2/automation-BugBank-v2/cypress.config.js` to wait longer.\n\nBrowsers will not fire the `load` event until all stylesheets and scripts are done downloading.\n\nWhen this `load` event occurs, Cypress will continue running commands.\n    at timedOutWaitingForPageLoad (https://bugbank.netlify.app/__cypress/runner/cypress_runner.js:130639:64)\n    at <unknown> (https://bugbank.netlify.app/__cypress/runner/cypress_runner.js:131624:16)\n    at tryCatcher (https://bugbank.netlify.app/__cypress/runner/cypress_runner.js:1830:23)\n    at <unknown> (https://bugbank.netlify.app/__cypress/runner/cypress_runner.js:4209:41)\n    at tryCatcher (https://bugbank.netlify.app/__cypress/runner/cypress_runner.js:1830:23)\n    at Promise._settlePromiseFromHandler (https://bugbank.netlify.app/__cypress/runner/cypress_runner.js:1542:31)\n    at Promise._settlePromise (https://bugbank.netlify.app/__cypress/runner/cypress_runner.js:1599:18)\n    at Promise._settlePromise0 (https://bugbank.netlify.app/__cypress/runner/cypress_runner.js:1644:10)\n    at Promise._settlePromises (https://bugbank.netlify.app/__cypress/runner/cypress_runner.js:1720:18)\n    at _drainQueueStep (https://bugbank.netlify.app/__cypress/runner/cypress_runner.js:2430:12)\n    at _drainQueue (https://bugbank.netlify.app/__cypress/runner/cypress_runner.js:2423:9)\n    at Async._drainQueues (https://bugbank.netlify.app/__cypress/runner/cypress_runner.js:2439:5)\n    at Async.drainQueues (https://bugbank.netlify.app/__cypress/runner/cypress_runner.js:2309:14)\nFrom Your Spec Code:\n    at Context.eval (cypress/e2e/step_definitions/cadastro/cadastro.js:5:5)\n    at Context.resolveAndRunStepDefinition (node_modules/cypress-cucumber-preprocessor/lib/resolveStepDefinition.js:193:0)\n    at Context.eval (node_modules/cypress-cucumber-preprocessor/lib/createTestFromScenario.js:27:0)",
                "diff": null
              },
              "uuid": "7d602a26-dc54-4c00-9d11-5fec4551600d",
              "parentUUID": "d4245383-7fd1-4dd9-bc28-1f27f3db4768",
              "isHook": false,
              "skipped": false
            },
            {
              "title": "Cadastro sem preencher nome",
              "fullTitle": "Cadastro Cadastro sem preencher nome",
              "timedOut": null,
              "duration": 5159,
              "state": "failed",
              "speed": null,
              "pass": false,
              "fail": true,
              "pending": false,
              "context": null,
              "code": "const state = window.testState;\nreturn cy\n  .then(() => state.onStartScenario(scenario, indexedSteps))\n  .then(() =>\n    resolveAndRunBeforeHooks.call(this, scenario.tags, state.feature.name)\n  )\n  .then(() =>\n    indexedSteps.forEach((step) =>\n      stepTest.call(this, state, step, rowData)\n    )\n  )\n  .then(() => state.onFinishScenario(scenario));",
              "err": {
                "message": "CypressError: Timed out after waiting `5000ms` for your remote page to load.\n\nYour page did not fire its `load` event within `5000ms`.\n\nYou can try increasing the `pageLoadTimeout` value in `home/runner/work/automation-BugBank-v2/automation-BugBank-v2/cypress.config.js` to wait longer.\n\nBrowsers will not fire the `load` event until all stylesheets and scripts are done downloading.\n\nWhen this `load` event occurs, Cypress will continue running commands.",
                "estack": "CypressError: Timed out after waiting `5000ms` for your remote page to load.\n\nYour page did not fire its `load` event within `5000ms`.\n\nYou can try increasing the `pageLoadTimeout` value in `home/runner/work/automation-BugBank-v2/automation-BugBank-v2/cypress.config.js` to wait longer.\n\nBrowsers will not fire the `load` event until all stylesheets and scripts are done downloading.\n\nWhen this `load` event occurs, Cypress will continue running commands.\n    at timedOutWaitingForPageLoad (https://bugbank.netlify.app/__cypress/runner/cypress_runner.js:130639:64)\n    at <unknown> (https://bugbank.netlify.app/__cypress/runner/cypress_runner.js:131624:16)\n    at tryCatcher (https://bugbank.netlify.app/__cypress/runner/cypress_runner.js:1830:23)\n    at <unknown> (https://bugbank.netlify.app/__cypress/runner/cypress_runner.js:4209:41)\n    at tryCatcher (https://bugbank.netlify.app/__cypress/runner/cypress_runner.js:1830:23)\n    at Promise._settlePromiseFromHandler (https://bugbank.netlify.app/__cypress/runner/cypress_runner.js:1542:31)\n    at Promise._settlePromise (https://bugbank.netlify.app/__cypress/runner/cypress_runner.js:1599:18)\n    at Promise._settlePromise0 (https://bugbank.netlify.app/__cypress/runner/cypress_runner.js:1644:10)\n    at Promise._settlePromises (https://bugbank.netlify.app/__cypress/runner/cypress_runner.js:1720:18)\n    at _drainQueueStep (https://bugbank.netlify.app/__cypress/runner/cypress_runner.js:2430:12)\n    at _drainQueue (https://bugbank.netlify.app/__cypress/runner/cypress_runner.js:2423:9)\n    at Async._drainQueues (https://bugbank.netlify.app/__cypress/runner/cypress_runner.js:2439:5)\n    at Async.drainQueues (https://bugbank.netlify.app/__cypress/runner/cypress_runner.js:2309:14)\nFrom Your Spec Code:\n    at Context.eval (cypress/e2e/step_definitions/cadastro/cadastro.js:5:5)\n    at Context.resolveAndRunStepDefinition (node_modules/cypress-cucumber-preprocessor/lib/resolveStepDefinition.js:193:0)\n    at Context.eval (node_modules/cypress-cucumber-preprocessor/lib/createTestFromScenario.js:27:0)",
                "diff": null
              },
              "uuid": "87c5a1cd-338a-48ab-a9a5-dcf6f1acb3d0",
              "parentUUID": "d4245383-7fd1-4dd9-bc28-1f27f3db4768",
              "isHook": false,
              "skipped": false
            },
            {
              "title": "Cadastro sem preencher email",
              "fullTitle": "Cadastro Cadastro sem preencher email",
              "timedOut": null,
              "duration": 6924,
              "state": "failed",
              "speed": null,
              "pass": false,
              "fail": true,
              "pending": false,
              "context": null,
              "code": "const state = window.testState;\nreturn cy\n  .then(() => state.onStartScenario(scenario, indexedSteps))\n  .then(() =>\n    resolveAndRunBeforeHooks.call(this, scenario.tags, state.feature.name)\n  )\n  .then(() =>\n    indexedSteps.forEach((step) =>\n      stepTest.call(this, state, step, rowData)\n    )\n  )\n  .then(() => state.onFinishScenario(scenario));",
              "err": {
                "message": "AssertionError: Timed out retrying after 5000ms: Expected to find content: 'Email não pode ser vazio' but never did.",
                "estack": "AssertionError: Timed out retrying after 5000ms: Expected to find content: 'Email não pode ser vazio' but never did.\n    at Context.eval (cypress/e2e/step_definitions/cadastro/cadastro.js:43:24)\n    at Context.resolveAndRunStepDefinition (node_modules/cypress-cucumber-preprocessor/lib/resolveStepDefinition.js:193:0)\n    at Context.eval (node_modules/cypress-cucumber-preprocessor/lib/createTestFromScenario.js:27:0)",
                "diff": null
              },
              "uuid": "c4f75e6a-8b50-49c0-bdb8-7dfd815f9a46",
              "parentUUID": "d4245383-7fd1-4dd9-bc28-1f27f3db4768",
              "isHook": false,
              "skipped": false
            },
            {
              "title": "Cadastro sem preencher senha",
              "fullTitle": "Cadastro Cadastro sem preencher senha",
              "timedOut": null,
              "duration": 6666,
              "state": "failed",
              "speed": null,
              "pass": false,
              "fail": true,
              "pending": false,
              "context": null,
              "code": "const state = window.testState;\nreturn cy\n  .then(() => state.onStartScenario(scenario, indexedSteps))\n  .then(() =>\n    resolveAndRunBeforeHooks.call(this, scenario.tags, state.feature.name)\n  )\n  .then(() =>\n    indexedSteps.forEach((step) =>\n      stepTest.call(this, state, step, rowData)\n    )\n  )\n  .then(() => state.onFinishScenario(scenario));",
              "err": {
                "message": "AssertionError: Timed out retrying after 5000ms: Expected to find content: 'Senha não pode ser vazio' but never did.",
                "estack": "AssertionError: Timed out retrying after 5000ms: Expected to find content: 'Senha não pode ser vazio' but never did.\n    at Context.eval (cypress/e2e/step_definitions/cadastro/cadastro.js:43:24)\n    at Context.resolveAndRunStepDefinition (node_modules/cypress-cucumber-preprocessor/lib/resolveStepDefinition.js:193:0)\n    at Context.eval (node_modules/cypress-cucumber-preprocessor/lib/createTestFromScenario.js:27:0)",
                "diff": null
              },
              "uuid": "5e85144d-89b9-40b1-94d2-cf444fdcf01a",
              "parentUUID": "d4245383-7fd1-4dd9-bc28-1f27f3db4768",
              "isHook": false,
              "skipped": false
            },
            {
              "title": "Cadastro sem preencher confirmação de senha",
              "fullTitle": "Cadastro Cadastro sem preencher confirmação de senha",
              "timedOut": null,
              "duration": 6596,
              "state": "failed",
              "speed": null,
              "pass": false,
              "fail": true,
              "pending": false,
              "context": null,
              "code": "const state = window.testState;\nreturn cy\n  .then(() => state.onStartScenario(scenario, indexedSteps))\n  .then(() =>\n    resolveAndRunBeforeHooks.call(this, scenario.tags, state.feature.name)\n  )\n  .then(() =>\n    indexedSteps.forEach((step) =>\n      stepTest.call(this, state, step, rowData)\n    )\n  )\n  .then(() => state.onFinishScenario(scenario));",
              "err": {
                "message": "AssertionError: Timed out retrying after 5000ms: Expected to find content: 'Confirmar senha não pode ser vazio' but never did.",
                "estack": "AssertionError: Timed out retrying after 5000ms: Expected to find content: 'Confirmar senha não pode ser vazio' but never did.\n    at Context.eval (cypress/e2e/step_definitions/cadastro/cadastro.js:43:24)\n    at Context.resolveAndRunStepDefinition (node_modules/cypress-cucumber-preprocessor/lib/resolveStepDefinition.js:193:0)\n    at Context.eval (node_modules/cypress-cucumber-preprocessor/lib/createTestFromScenario.js:27:0)",
                "diff": null
              },
              "uuid": "5c2c2156-5107-4229-9311-3fed301a9401",
              "parentUUID": "d4245383-7fd1-4dd9-bc28-1f27f3db4768",
              "isHook": false,
              "skipped": false
            },
            {
              "title": "Cadastro com senha e confirmação diferentes",
              "fullTitle": "Cadastro Cadastro com senha e confirmação diferentes",
              "timedOut": null,
              "duration": 6709,
              "state": "failed",
              "speed": null,
              "pass": false,
              "fail": true,
              "pending": false,
              "context": null,
              "code": "const state = window.testState;\nreturn cy\n  .then(() => state.onStartScenario(scenario, indexedSteps))\n  .then(() =>\n    resolveAndRunBeforeHooks.call(this, scenario.tags, state.feature.name)\n  )\n  .then(() =>\n    indexedSteps.forEach((step) =>\n      stepTest.call(this, state, step, rowData)\n    )\n  )\n  .then(() => state.onFinishScenario(scenario));",
              "err": {
                "message": "AssertionError: Timed out retrying after 5000ms: Expected to find content: 'As senhas devem ser iguais' but never did.",
                "estack": "AssertionError: Timed out retrying after 5000ms: Expected to find content: 'As senhas devem ser iguais' but never did.\n    at Context.eval (cypress/e2e/step_definitions/cadastro/cadastro.js:43:24)\n    at Context.resolveAndRunStepDefinition (node_modules/cypress-cucumber-preprocessor/lib/resolveStepDefinition.js:193:0)\n    at Context.eval (node_modules/cypress-cucumber-preprocessor/lib/createTestFromScenario.js:27:0)",
                "diff": null
              },
              "uuid": "e48e1d55-fbb3-47f1-ae0f-4ffffb45ca8a",
              "parentUUID": "d4245383-7fd1-4dd9-bc28-1f27f3db4768",
              "isHook": false,
              "skipped": false
            }
          ],
          "suites": [],
          "passes": [],
          "failures": [
            "7d602a26-dc54-4c00-9d11-5fec4551600d",
            "87c5a1cd-338a-48ab-a9a5-dcf6f1acb3d0",
            "c4f75e6a-8b50-49c0-bdb8-7dfd815f9a46",
            "5e85144d-89b9-40b1-94d2-cf444fdcf01a",
            "5c2c2156-5107-4229-9311-3fed301a9401",
            "e48e1d55-fbb3-47f1-ae0f-4ffffb45ca8a"
          ],
          "pending": [],
          "skipped": [],
          "duration": 37315,
          "root": false,
          "rootEmpty": false,
          "_timeout": 2000
        }
      ],
      "passes": [],
      "failures": [],
      "pending": [],
      "skipped": [],
      "duration": 0,
      "root": true,
      "rootEmpty": true,
      "_timeout": 2000
    },
    {
      "uuid": "051b474e-bc85-419b-853e-1f291ecba648",
      "title": "",
      "fullFile": "cypress/e2e/step_definitions/login.feature",
      "file": "cypress/e2e/step_definitions/login.feature",
      "beforeHooks": [],
      "afterHooks": [],
      "tests": [],
      "suites": [
        {
          "uuid": "88ed61fb-d32c-4788-8c79-b4cdacf57202",
          "title": "Login",
          "fullFile": "",
          "file": "",
          "beforeHooks": [],
          "afterHooks": [],
          "tests": [
            {
              "title": "Tentativa de login sem preencher campos obrigatórios",
              "fullTitle": "Login Tentativa de login sem preencher campos obrigatórios",
              "timedOut": null,
              "duration": 5438,
              "state": "failed",
              "speed": null,
              "pass": false,
              "fail": true,
              "pending": false,
              "context": null,
              "code": "const state = window.testState;\nreturn cy\n  .then(() => state.onStartScenario(scenario, indexedSteps))\n  .then(() =>\n    resolveAndRunBeforeHooks.call(this, scenario.tags, state.feature.name)\n  )\n  .then(() =>\n    indexedSteps.forEach((step) =>\n      stepTest.call(this, state, step, rowData)\n    )\n  )\n  .then(() => state.onFinishScenario(scenario));",
              "err": {
                "message": "AssertionError: Timed out retrying after 5000ms: expected '[ <p.input__warging>, 5 more... ]' to contain text 'Usuário e senha precisam ser preenchidos', but the text was 'É campo obrigatórioÉ campo obrigatório'",
                "estack": "AssertionError: Timed out retrying after 5000ms: expected '[ <p.input__warging>, 5 more... ]' to contain text 'Usuário e senha precisam ser preenchidos', but the text was 'É campo obrigatórioÉ campo obrigatório'\n    at LoginPage.verificarMensagemCampoObrigatorio (cypress/e2e/pages/loginPage.js:25:39)\n    at Context.eval (cypress/e2e/step_definitions/login/login.js:47:12)\n    at Context.resolveAndRunStepDefinition (node_modules/cypress-cucumber-preprocessor/lib/resolveStepDefinition.js:193:0)\n    at Context.eval (node_modules/cypress-cucumber-preprocessor/lib/createTestFromScenario.js:27:0)",
                "diff": "- 'É campo obrigatórioÉ campo obrigatório'\n+ 'Usuário e senha precisam ser preenchidos'\n"
              },
              "uuid": "42afa9a0-ed92-44e1-b152-f2b4305849c9",
              "parentUUID": "88ed61fb-d32c-4788-8c79-b4cdacf57202",
              "isHook": false,
              "skipped": false
            },
            {
              "title": "Tentativa de login com usuário inválido",
              "fullTitle": "Login Tentativa de login com usuário inválido",
              "timedOut": null,
              "duration": 850,
              "state": "passed",
              "speed": "fast",
              "pass": true,
              "fail": false,
              "pending": false,
              "context": null,
              "code": "const state = window.testState;\nreturn cy\n  .then(() => state.onStartScenario(scenario, indexedSteps))\n  .then(() =>\n    resolveAndRunBeforeHooks.call(this, scenario.tags, state.feature.name)\n  )\n  .then(() =>\n    indexedSteps.forEach((step) =>\n      stepTest.call(this, state, step, rowData)\n    )\n  )\n  .then(() => state.onFinishScenario(scenario));",
              "err": {},
              "uuid": "2c1b54eb-34ef-427b-9d89-4b7b62af71a7",
              "parentUUID": "88ed61fb-d32c-4788-8c79-b4cdacf57202",
              "isHook": false,
              "skipped": false
            },
            {
              "title": "Login com sucesso",
              "fullTitle": "Login Login com sucesso",
              "timedOut": null,
              "duration": 2179,
              "state": "passed",
              "speed": "fast",
              "pass": true,
              "fail": false,
              "pending": false,
              "context": null,
              "code": "const state = window.testState;\nreturn cy\n  .then(() => state.onStartScenario(scenario, indexedSteps))\n  .then(() =>\n    resolveAndRunBeforeHooks.call(this, scenario.tags, state.feature.name)\n  )\n  .then(() =>\n    indexedSteps.forEach((step) =>\n      stepTest.call(this, state, step, rowData)\n    )\n  )\n  .then(() => state.onFinishScenario(scenario));",
              "err": {},
              "uuid": "983fe497-35a4-476e-9688-4360321a2a3c",
              "parentUUID": "88ed61fb-d32c-4788-8c79-b4cdacf57202",
              "isHook": false,
              "skipped": false
            },
            {
              "title": "Logout do sistema",
              "fullTitle": "Login Logout do sistema",
              "timedOut": null,
              "duration": 2140,
              "state": "passed",
              "speed": "fast",
              "pass": true,
              "fail": false,
              "pending": false,
              "context": null,
              "code": "const state = window.testState;\nreturn cy\n  .then(() => state.onStartScenario(scenario, indexedSteps))\n  .then(() =>\n    resolveAndRunBeforeHooks.call(this, scenario.tags, state.feature.name)\n  )\n  .then(() =>\n    indexedSteps.forEach((step) =>\n      stepTest.call(this, state, step, rowData)\n    )\n  )\n  .then(() => state.onFinishScenario(scenario));",
              "err": {},
              "uuid": "2e8c52a3-fae7-48fd-924d-667c5f520167",
              "parentUUID": "88ed61fb-d32c-4788-8c79-b4cdacf57202",
              "isHook": false,
              "skipped": false
            }
          ],
          "suites": [],
          "passes": [
            "2c1b54eb-34ef-427b-9d89-4b7b62af71a7",
            "983fe497-35a4-476e-9688-4360321a2a3c",
            "2e8c52a3-fae7-48fd-924d-667c5f520167"
          ],
          "failures": [
            "42afa9a0-ed92-44e1-b152-f2b4305849c9"
          ],
          "pending": [],
          "skipped": [],
          "duration": 10607,
          "root": false,
          "rootEmpty": false,
          "_timeout": 2000
        }
      ],
      "passes": [],
      "failures": [],
      "pending": [],
      "skipped": [],
      "duration": 0,
      "root": true,
      "rootEmpty": true,
      "_timeout": 2000
    }
  ],
  "meta": {
    "mocha": {
      "version": "7.0.1"
    },
    "mochawesome": {
      "options": {
        "quiet": false,
        "reportFilename": "mochawesome",
        "saveHtml": true,
        "saveJson": true,
        "consoleReporter": "spec",
        "useInlineDiffs": false,
        "code": true
      },
      "version": "7.1.3"
    },
    "marge": {
      "options": {
        "reportDir": "cypress/reports",
        "overwrite": false,
        "html": true,
        "json": true
      },
      "version": "6.2.0"
    }
  }
}