{
  "stats": {
    "suites": 2,
    "tests": 10,
    "passes": 5,
    "pending": 0,
    "failures": 5,
    "testsRegistered": 10,
    "passPercent": 50,
    "pendingPercent": 0,
    "other": 0,
    "hasOther": false,
    "skipped": 0,
    "hasSkipped": false,
    "start": "2025-09-12T11:09:33.940Z",
    "end": "2025-09-12T11:10:23.435Z",
    "duration": 49495
  },
  "results": [
    {
      "uuid": "b3106404-72af-4a38-bfa6-cde53a22daf7",
      "title": "",
      "fullFile": "cypress/e2e/step_definitions/cadastro.feature",
      "file": "cypress/e2e/step_definitions/cadastro.feature",
      "beforeHooks": [],
      "afterHooks": [],
      "tests": [],
      "suites": [
        {
          "uuid": "d316507f-ef4b-4e5e-8733-b0468f2ef9ea",
          "title": "Cadastro",
          "fullFile": "",
          "file": "",
          "beforeHooks": [],
          "afterHooks": [],
          "tests": [
            {
              "title": "Cadastro com todos os campos preenchidos e saldo ativado",
              "fullTitle": "Cadastro Cadastro com todos os campos preenchidos e saldo ativado",
              "timedOut": null,
              "duration": 2576,
              "state": "passed",
              "speed": "fast",
              "pass": true,
              "fail": false,
              "pending": false,
              "context": null,
              "code": "const state = window.testState;\nreturn cy\n  .then(() => state.onStartScenario(scenario, indexedSteps))\n  .then(() =>\n    resolveAndRunBeforeHooks.call(this, scenario.tags, state.feature.name)\n  )\n  .then(() =>\n    indexedSteps.forEach((step) =>\n      stepTest.call(this, state, step, rowData)\n    )\n  )\n  .then(() => state.onFinishScenario(scenario));",
              "err": {},
              "uuid": "4ac438ff-2d21-4af3-b50f-433132fc0087",
              "parentUUID": "d316507f-ef4b-4e5e-8733-b0468f2ef9ea",
              "isHook": false,
              "skipped": false
            },
            {
              "title": "Cadastro sem preencher nome",
              "fullTitle": "Cadastro Cadastro sem preencher nome",
              "timedOut": null,
              "duration": 1501,
              "state": "passed",
              "speed": "fast",
              "pass": true,
              "fail": false,
              "pending": false,
              "context": null,
              "code": "const state = window.testState;\nreturn cy\n  .then(() => state.onStartScenario(scenario, indexedSteps))\n  .then(() =>\n    resolveAndRunBeforeHooks.call(this, scenario.tags, state.feature.name)\n  )\n  .then(() =>\n    indexedSteps.forEach((step) =>\n      stepTest.call(this, state, step, rowData)\n    )\n  )\n  .then(() => state.onFinishScenario(scenario));",
              "err": {},
              "uuid": "8810fcc9-7fa8-4601-926e-c4a67731839a",
              "parentUUID": "d316507f-ef4b-4e5e-8733-b0468f2ef9ea",
              "isHook": false,
              "skipped": false
            },
            {
              "title": "Cadastro sem preencher email",
              "fullTitle": "Cadastro Cadastro sem preencher email",
              "timedOut": null,
              "duration": 6580,
              "state": "failed",
              "speed": null,
              "pass": false,
              "fail": true,
              "pending": false,
              "context": null,
              "code": "const state = window.testState;\nreturn cy\n  .then(() => state.onStartScenario(scenario, indexedSteps))\n  .then(() =>\n    resolveAndRunBeforeHooks.call(this, scenario.tags, state.feature.name)\n  )\n  .then(() =>\n    indexedSteps.forEach((step) =>\n      stepTest.call(this, state, step, rowData)\n    )\n  )\n  .then(() => state.onFinishScenario(scenario));",
              "err": {
                "message": "AssertionError: Timed out retrying after 5000ms: Expected to find content: 'Email não pode ser vazio' but never did.",
                "estack": "AssertionError: Timed out retrying after 5000ms: Expected to find content: 'Email não pode ser vazio' but never did.\n    at Context.eval (cypress/e2e/step_definitions/cadastro/cadastro.js:43:24)\n    at Context.resolveAndRunStepDefinition (node_modules/cypress-cucumber-preprocessor/lib/resolveStepDefinition.js:193:0)\n    at Context.eval (node_modules/cypress-cucumber-preprocessor/lib/createTestFromScenario.js:27:0)",
                "diff": null
              },
              "uuid": "35d69f7a-2a13-48f2-854e-9d5ef640fc49",
              "parentUUID": "d316507f-ef4b-4e5e-8733-b0468f2ef9ea",
              "isHook": false,
              "skipped": false
            },
            {
              "title": "Cadastro sem preencher senha",
              "fullTitle": "Cadastro Cadastro sem preencher senha",
              "timedOut": null,
              "duration": 6506,
              "state": "failed",
              "speed": null,
              "pass": false,
              "fail": true,
              "pending": false,
              "context": null,
              "code": "const state = window.testState;\nreturn cy\n  .then(() => state.onStartScenario(scenario, indexedSteps))\n  .then(() =>\n    resolveAndRunBeforeHooks.call(this, scenario.tags, state.feature.name)\n  )\n  .then(() =>\n    indexedSteps.forEach((step) =>\n      stepTest.call(this, state, step, rowData)\n    )\n  )\n  .then(() => state.onFinishScenario(scenario));",
              "err": {
                "message": "AssertionError: Timed out retrying after 5000ms: Expected to find content: 'Senha não pode ser vazio' but never did.",
                "estack": "AssertionError: Timed out retrying after 5000ms: Expected to find content: 'Senha não pode ser vazio' but never did.\n    at Context.eval (cypress/e2e/step_definitions/cadastro/cadastro.js:43:24)\n    at Context.resolveAndRunStepDefinition (node_modules/cypress-cucumber-preprocessor/lib/resolveStepDefinition.js:193:0)\n    at Context.eval (node_modules/cypress-cucumber-preprocessor/lib/createTestFromScenario.js:27:0)",
                "diff": null
              },
              "uuid": "c705de63-ed58-424a-b583-9f1a701742f0",
              "parentUUID": "d316507f-ef4b-4e5e-8733-b0468f2ef9ea",
              "isHook": false,
              "skipped": false
            },
            {
              "title": "Cadastro sem preencher confirmação de senha",
              "fullTitle": "Cadastro Cadastro sem preencher confirmação de senha",
              "timedOut": null,
              "duration": 6366,
              "state": "failed",
              "speed": null,
              "pass": false,
              "fail": true,
              "pending": false,
              "context": null,
              "code": "const state = window.testState;\nreturn cy\n  .then(() => state.onStartScenario(scenario, indexedSteps))\n  .then(() =>\n    resolveAndRunBeforeHooks.call(this, scenario.tags, state.feature.name)\n  )\n  .then(() =>\n    indexedSteps.forEach((step) =>\n      stepTest.call(this, state, step, rowData)\n    )\n  )\n  .then(() => state.onFinishScenario(scenario));",
              "err": {
                "message": "AssertionError: Timed out retrying after 5000ms: Expected to find content: 'Confirmar senha não pode ser vazio' but never did.",
                "estack": "AssertionError: Timed out retrying after 5000ms: Expected to find content: 'Confirmar senha não pode ser vazio' but never did.\n    at Context.eval (cypress/e2e/step_definitions/cadastro/cadastro.js:43:24)\n    at Context.resolveAndRunStepDefinition (node_modules/cypress-cucumber-preprocessor/lib/resolveStepDefinition.js:193:0)\n    at Context.eval (node_modules/cypress-cucumber-preprocessor/lib/createTestFromScenario.js:27:0)",
                "diff": null
              },
              "uuid": "28737906-3ddf-40c7-9f34-1b624b5fd24a",
              "parentUUID": "d316507f-ef4b-4e5e-8733-b0468f2ef9ea",
              "isHook": false,
              "skipped": false
            },
            {
              "title": "Cadastro com senha e confirmação diferentes",
              "fullTitle": "Cadastro Cadastro com senha e confirmação diferentes",
              "timedOut": null,
              "duration": 6610,
              "state": "failed",
              "speed": null,
              "pass": false,
              "fail": true,
              "pending": false,
              "context": null,
              "code": "const state = window.testState;\nreturn cy\n  .then(() => state.onStartScenario(scenario, indexedSteps))\n  .then(() =>\n    resolveAndRunBeforeHooks.call(this, scenario.tags, state.feature.name)\n  )\n  .then(() =>\n    indexedSteps.forEach((step) =>\n      stepTest.call(this, state, step, rowData)\n    )\n  )\n  .then(() => state.onFinishScenario(scenario));",
              "err": {
                "message": "AssertionError: Timed out retrying after 5000ms: Expected to find content: 'As senhas devem ser iguais' but never did.",
                "estack": "AssertionError: Timed out retrying after 5000ms: Expected to find content: 'As senhas devem ser iguais' but never did.\n    at Context.eval (cypress/e2e/step_definitions/cadastro/cadastro.js:43:24)\n    at Context.resolveAndRunStepDefinition (node_modules/cypress-cucumber-preprocessor/lib/resolveStepDefinition.js:193:0)\n    at Context.eval (node_modules/cypress-cucumber-preprocessor/lib/createTestFromScenario.js:27:0)",
                "diff": null
              },
              "uuid": "3b857cda-1b2a-4a50-b4c7-43e82bf33514",
              "parentUUID": "d316507f-ef4b-4e5e-8733-b0468f2ef9ea",
              "isHook": false,
              "skipped": false
            }
          ],
          "suites": [],
          "passes": [
            "4ac438ff-2d21-4af3-b50f-433132fc0087",
            "8810fcc9-7fa8-4601-926e-c4a67731839a"
          ],
          "failures": [
            "35d69f7a-2a13-48f2-854e-9d5ef640fc49",
            "c705de63-ed58-424a-b583-9f1a701742f0",
            "28737906-3ddf-40c7-9f34-1b624b5fd24a",
            "3b857cda-1b2a-4a50-b4c7-43e82bf33514"
          ],
          "pending": [],
          "skipped": [],
          "duration": 30139,
          "root": false,
          "rootEmpty": false,
          "_timeout": 2000
        }
      ],
      "passes": [],
      "failures": [],
      "pending": [],
      "skipped": [],
      "duration": 0,
      "root": true,
      "rootEmpty": true,
      "_timeout": 2000
    },
    {
      "uuid": "0a777aac-f011-4907-b8b8-bc64c1ea7749",
      "title": "",
      "fullFile": "cypress/e2e/step_definitions/login.feature",
      "file": "cypress/e2e/step_definitions/login.feature",
      "beforeHooks": [],
      "afterHooks": [],
      "tests": [],
      "suites": [
        {
          "uuid": "defa3df5-6a96-4242-a13f-c5dbb1cc43de",
          "title": "Login",
          "fullFile": "",
          "file": "",
          "beforeHooks": [],
          "afterHooks": [],
          "tests": [
            {
              "title": "Tentativa de login sem preencher campos obrigatórios",
              "fullTitle": "Login Tentativa de login sem preencher campos obrigatórios",
              "timedOut": null,
              "duration": 5442,
              "state": "failed",
              "speed": null,
              "pass": false,
              "fail": true,
              "pending": false,
              "context": null,
              "code": "const state = window.testState;\nreturn cy\n  .then(() => state.onStartScenario(scenario, indexedSteps))\n  .then(() =>\n    resolveAndRunBeforeHooks.call(this, scenario.tags, state.feature.name)\n  )\n  .then(() =>\n    indexedSteps.forEach((step) =>\n      stepTest.call(this, state, step, rowData)\n    )\n  )\n  .then(() => state.onFinishScenario(scenario));",
              "err": {
                "message": "AssertionError: Timed out retrying after 5000ms: expected '[ <p.input__warging>, 5 more... ]' to contain text 'Usuário e senha precisam ser preenchidos', but the text was 'É campo obrigatórioÉ campo obrigatório'",
                "estack": "AssertionError: Timed out retrying after 5000ms: expected '[ <p.input__warging>, 5 more... ]' to contain text 'Usuário e senha precisam ser preenchidos', but the text was 'É campo obrigatórioÉ campo obrigatório'\n    at LoginPage.verificarMensagemCampoObrigatorio (cypress/e2e/pages/loginPage.js:25:39)\n    at Context.eval (cypress/e2e/step_definitions/login/login.js:47:12)\n    at Context.resolveAndRunStepDefinition (node_modules/cypress-cucumber-preprocessor/lib/resolveStepDefinition.js:193:0)\n    at Context.eval (node_modules/cypress-cucumber-preprocessor/lib/createTestFromScenario.js:27:0)",
                "diff": "- 'É campo obrigatórioÉ campo obrigatório'\n+ 'Usuário e senha precisam ser preenchidos'\n"
              },
              "uuid": "d5f7c428-3f9b-461b-91dd-c2732bbf320e",
              "parentUUID": "defa3df5-6a96-4242-a13f-c5dbb1cc43de",
              "isHook": false,
              "skipped": false
            },
            {
              "title": "Tentativa de login com usuário inválido",
              "fullTitle": "Login Tentativa de login com usuário inválido",
              "timedOut": null,
              "duration": 772,
              "state": "passed",
              "speed": "fast",
              "pass": true,
              "fail": false,
              "pending": false,
              "context": null,
              "code": "const state = window.testState;\nreturn cy\n  .then(() => state.onStartScenario(scenario, indexedSteps))\n  .then(() =>\n    resolveAndRunBeforeHooks.call(this, scenario.tags, state.feature.name)\n  )\n  .then(() =>\n    indexedSteps.forEach((step) =>\n      stepTest.call(this, state, step, rowData)\n    )\n  )\n  .then(() => state.onFinishScenario(scenario));",
              "err": {},
              "uuid": "df1a58d3-a8e1-4889-856b-a123e7015fdc",
              "parentUUID": "defa3df5-6a96-4242-a13f-c5dbb1cc43de",
              "isHook": false,
              "skipped": false
            },
            {
              "title": "Login com sucesso",
              "fullTitle": "Login Login com sucesso",
              "timedOut": null,
              "duration": 2095,
              "state": "passed",
              "speed": "fast",
              "pass": true,
              "fail": false,
              "pending": false,
              "context": null,
              "code": "const state = window.testState;\nreturn cy\n  .then(() => state.onStartScenario(scenario, indexedSteps))\n  .then(() =>\n    resolveAndRunBeforeHooks.call(this, scenario.tags, state.feature.name)\n  )\n  .then(() =>\n    indexedSteps.forEach((step) =>\n      stepTest.call(this, state, step, rowData)\n    )\n  )\n  .then(() => state.onFinishScenario(scenario));",
              "err": {},
              "uuid": "789357d9-421d-45e3-ba72-da773eed0073",
              "parentUUID": "defa3df5-6a96-4242-a13f-c5dbb1cc43de",
              "isHook": false,
              "skipped": false
            },
            {
              "title": "Logout do sistema",
              "fullTitle": "Login Logout do sistema",
              "timedOut": null,
              "duration": 2114,
              "state": "passed",
              "speed": "fast",
              "pass": true,
              "fail": false,
              "pending": false,
              "context": null,
              "code": "const state = window.testState;\nreturn cy\n  .then(() => state.onStartScenario(scenario, indexedSteps))\n  .then(() =>\n    resolveAndRunBeforeHooks.call(this, scenario.tags, state.feature.name)\n  )\n  .then(() =>\n    indexedSteps.forEach((step) =>\n      stepTest.call(this, state, step, rowData)\n    )\n  )\n  .then(() => state.onFinishScenario(scenario));",
              "err": {},
              "uuid": "afba8c63-ecbc-40fc-956e-5d98fe9ffb12",
              "parentUUID": "defa3df5-6a96-4242-a13f-c5dbb1cc43de",
              "isHook": false,
              "skipped": false
            }
          ],
          "suites": [],
          "passes": [
            "df1a58d3-a8e1-4889-856b-a123e7015fdc",
            "789357d9-421d-45e3-ba72-da773eed0073",
            "afba8c63-ecbc-40fc-956e-5d98fe9ffb12"
          ],
          "failures": [
            "d5f7c428-3f9b-461b-91dd-c2732bbf320e"
          ],
          "pending": [],
          "skipped": [],
          "duration": 10423,
          "root": false,
          "rootEmpty": false,
          "_timeout": 2000
        }
      ],
      "passes": [],
      "failures": [],
      "pending": [],
      "skipped": [],
      "duration": 0,
      "root": true,
      "rootEmpty": true,
      "_timeout": 2000
    }
  ],
  "meta": {
    "mocha": {
      "version": "7.0.1"
    },
    "mochawesome": {
      "options": {
        "quiet": false,
        "reportFilename": "mochawesome",
        "saveHtml": true,
        "saveJson": true,
        "consoleReporter": "spec",
        "useInlineDiffs": false,
        "code": true
      },
      "version": "7.1.3"
    },
    "marge": {
      "options": {
        "reportDir": "cypress/reports",
        "overwrite": false,
        "html": true,
        "json": true
      },
      "version": "6.2.0"
    }
  }
}