{
  "stats": {
    "suites": 2,
    "tests": 10,
    "passes": 4,
    "pending": 0,
    "failures": 6,
    "testsRegistered": 10,
    "passPercent": 40,
    "pendingPercent": 0,
    "other": 0,
    "hasOther": false,
    "skipped": 0,
    "hasSkipped": false,
    "start": "2025-09-11T11:09:22.672Z",
    "end": "2025-09-11T11:10:16.861Z",
    "duration": 54189
  },
  "results": [
    {
      "uuid": "59f3d008-61cb-4022-a244-e40a5b606db1",
      "title": "",
      "fullFile": "cypress/e2e/step_definitions/cadastro.feature",
      "file": "cypress/e2e/step_definitions/cadastro.feature",
      "beforeHooks": [],
      "afterHooks": [],
      "tests": [],
      "suites": [
        {
          "uuid": "f6642150-4981-447c-92a0-70eb732547b8",
          "title": "Cadastro",
          "fullFile": "",
          "file": "",
          "beforeHooks": [],
          "afterHooks": [],
          "tests": [
            {
              "title": "Cadastro com todos os campos preenchidos e saldo ativado",
              "fullTitle": "Cadastro Cadastro com todos os campos preenchidos e saldo ativado",
              "timedOut": null,
              "duration": 5311,
              "state": "failed",
              "speed": null,
              "pass": false,
              "fail": true,
              "pending": false,
              "context": null,
              "code": "const state = window.testState;\nreturn cy\n  .then(() => state.onStartScenario(scenario, indexedSteps))\n  .then(() =>\n    resolveAndRunBeforeHooks.call(this, scenario.tags, state.feature.name)\n  )\n  .then(() =>\n    indexedSteps.forEach((step) =>\n      stepTest.call(this, state, step, rowData)\n    )\n  )\n  .then(() => state.onFinishScenario(scenario));",
              "err": {
                "message": "CypressError: Timed out after waiting `5000ms` for your remote page to load.\n\nYour page did not fire its `load` event within `5000ms`.\n\nYou can try increasing the `pageLoadTimeout` value in `home/runner/work/automation-BugBank-v2/automation-BugBank-v2/cypress.config.js` to wait longer.\n\nBrowsers will not fire the `load` event until all stylesheets and scripts are done downloading.\n\nWhen this `load` event occurs, Cypress will continue running commands.",
                "estack": "CypressError: Timed out after waiting `5000ms` for your remote page to load.\n\nYour page did not fire its `load` event within `5000ms`.\n\nYou can try increasing the `pageLoadTimeout` value in `home/runner/work/automation-BugBank-v2/automation-BugBank-v2/cypress.config.js` to wait longer.\n\nBrowsers will not fire the `load` event until all stylesheets and scripts are done downloading.\n\nWhen this `load` event occurs, Cypress will continue running commands.\n    at timedOutWaitingForPageLoad (https://bugbank.netlify.app/__cypress/runner/cypress_runner.js:130639:64)\n    at <unknown> (https://bugbank.netlify.app/__cypress/runner/cypress_runner.js:131624:16)\n    at tryCatcher (https://bugbank.netlify.app/__cypress/runner/cypress_runner.js:1830:23)\n    at <unknown> (https://bugbank.netlify.app/__cypress/runner/cypress_runner.js:4209:41)\n    at tryCatcher (https://bugbank.netlify.app/__cypress/runner/cypress_runner.js:1830:23)\n    at Promise._settlePromiseFromHandler (https://bugbank.netlify.app/__cypress/runner/cypress_runner.js:1542:31)\n    at Promise._settlePromise (https://bugbank.netlify.app/__cypress/runner/cypress_runner.js:1599:18)\n    at Promise._settlePromise0 (https://bugbank.netlify.app/__cypress/runner/cypress_runner.js:1644:10)\n    at Promise._settlePromises (https://bugbank.netlify.app/__cypress/runner/cypress_runner.js:1720:18)\n    at _drainQueueStep (https://bugbank.netlify.app/__cypress/runner/cypress_runner.js:2430:12)\n    at _drainQueue (https://bugbank.netlify.app/__cypress/runner/cypress_runner.js:2423:9)\n    at Async._drainQueues (https://bugbank.netlify.app/__cypress/runner/cypress_runner.js:2439:5)\n    at Async.drainQueues (https://bugbank.netlify.app/__cypress/runner/cypress_runner.js:2309:14)\nFrom Your Spec Code:\n    at Context.eval (cypress/e2e/step_definitions/cadastro/cadastro.js:5:5)\n    at Context.resolveAndRunStepDefinition (node_modules/cypress-cucumber-preprocessor/lib/resolveStepDefinition.js:193:0)\n    at Context.eval (node_modules/cypress-cucumber-preprocessor/lib/createTestFromScenario.js:27:0)",
                "diff": null
              },
              "uuid": "eb5b74d1-f1e8-4e08-a59b-91fdf8d59a4f",
              "parentUUID": "f6642150-4981-447c-92a0-70eb732547b8",
              "isHook": false,
              "skipped": false
            },
            {
              "title": "Cadastro sem preencher nome",
              "fullTitle": "Cadastro Cadastro sem preencher nome",
              "timedOut": null,
              "duration": 1891,
              "state": "passed",
              "speed": "fast",
              "pass": true,
              "fail": false,
              "pending": false,
              "context": null,
              "code": "const state = window.testState;\nreturn cy\n  .then(() => state.onStartScenario(scenario, indexedSteps))\n  .then(() =>\n    resolveAndRunBeforeHooks.call(this, scenario.tags, state.feature.name)\n  )\n  .then(() =>\n    indexedSteps.forEach((step) =>\n      stepTest.call(this, state, step, rowData)\n    )\n  )\n  .then(() => state.onFinishScenario(scenario));",
              "err": {},
              "uuid": "6d707cf2-ab51-44de-9eec-aeba387b6dd9",
              "parentUUID": "f6642150-4981-447c-92a0-70eb732547b8",
              "isHook": false,
              "skipped": false
            },
            {
              "title": "Cadastro sem preencher email",
              "fullTitle": "Cadastro Cadastro sem preencher email",
              "timedOut": null,
              "duration": 6957,
              "state": "failed",
              "speed": null,
              "pass": false,
              "fail": true,
              "pending": false,
              "context": null,
              "code": "const state = window.testState;\nreturn cy\n  .then(() => state.onStartScenario(scenario, indexedSteps))\n  .then(() =>\n    resolveAndRunBeforeHooks.call(this, scenario.tags, state.feature.name)\n  )\n  .then(() =>\n    indexedSteps.forEach((step) =>\n      stepTest.call(this, state, step, rowData)\n    )\n  )\n  .then(() => state.onFinishScenario(scenario));",
              "err": {
                "message": "AssertionError: Timed out retrying after 5000ms: Expected to find content: 'Email não pode ser vazio' but never did.",
                "estack": "AssertionError: Timed out retrying after 5000ms: Expected to find content: 'Email não pode ser vazio' but never did.\n    at Context.eval (cypress/e2e/step_definitions/cadastro/cadastro.js:43:24)\n    at Context.resolveAndRunStepDefinition (node_modules/cypress-cucumber-preprocessor/lib/resolveStepDefinition.js:193:0)\n    at Context.eval (node_modules/cypress-cucumber-preprocessor/lib/createTestFromScenario.js:27:0)",
                "diff": null
              },
              "uuid": "2b85635f-a2f8-44d4-aead-a7682e6d99f9",
              "parentUUID": "f6642150-4981-447c-92a0-70eb732547b8",
              "isHook": false,
              "skipped": false
            },
            {
              "title": "Cadastro sem preencher senha",
              "fullTitle": "Cadastro Cadastro sem preencher senha",
              "timedOut": null,
              "duration": 6715,
              "state": "failed",
              "speed": null,
              "pass": false,
              "fail": true,
              "pending": false,
              "context": null,
              "code": "const state = window.testState;\nreturn cy\n  .then(() => state.onStartScenario(scenario, indexedSteps))\n  .then(() =>\n    resolveAndRunBeforeHooks.call(this, scenario.tags, state.feature.name)\n  )\n  .then(() =>\n    indexedSteps.forEach((step) =>\n      stepTest.call(this, state, step, rowData)\n    )\n  )\n  .then(() => state.onFinishScenario(scenario));",
              "err": {
                "message": "AssertionError: Timed out retrying after 5000ms: Expected to find content: 'Senha não pode ser vazio' but never did.",
                "estack": "AssertionError: Timed out retrying after 5000ms: Expected to find content: 'Senha não pode ser vazio' but never did.\n    at Context.eval (cypress/e2e/step_definitions/cadastro/cadastro.js:43:24)\n    at Context.resolveAndRunStepDefinition (node_modules/cypress-cucumber-preprocessor/lib/resolveStepDefinition.js:193:0)\n    at Context.eval (node_modules/cypress-cucumber-preprocessor/lib/createTestFromScenario.js:27:0)",
                "diff": null
              },
              "uuid": "378f2da3-281e-4d62-9542-ee3843487524",
              "parentUUID": "f6642150-4981-447c-92a0-70eb732547b8",
              "isHook": false,
              "skipped": false
            },
            {
              "title": "Cadastro sem preencher confirmação de senha",
              "fullTitle": "Cadastro Cadastro sem preencher confirmação de senha",
              "timedOut": null,
              "duration": 6487,
              "state": "failed",
              "speed": null,
              "pass": false,
              "fail": true,
              "pending": false,
              "context": null,
              "code": "const state = window.testState;\nreturn cy\n  .then(() => state.onStartScenario(scenario, indexedSteps))\n  .then(() =>\n    resolveAndRunBeforeHooks.call(this, scenario.tags, state.feature.name)\n  )\n  .then(() =>\n    indexedSteps.forEach((step) =>\n      stepTest.call(this, state, step, rowData)\n    )\n  )\n  .then(() => state.onFinishScenario(scenario));",
              "err": {
                "message": "AssertionError: Timed out retrying after 5000ms: Expected to find content: 'Confirmar senha não pode ser vazio' but never did.",
                "estack": "AssertionError: Timed out retrying after 5000ms: Expected to find content: 'Confirmar senha não pode ser vazio' but never did.\n    at Context.eval (cypress/e2e/step_definitions/cadastro/cadastro.js:43:24)\n    at Context.resolveAndRunStepDefinition (node_modules/cypress-cucumber-preprocessor/lib/resolveStepDefinition.js:193:0)\n    at Context.eval (node_modules/cypress-cucumber-preprocessor/lib/createTestFromScenario.js:27:0)",
                "diff": null
              },
              "uuid": "ac4dc2c5-2881-482b-a2d6-569b5144e71e",
              "parentUUID": "f6642150-4981-447c-92a0-70eb732547b8",
              "isHook": false,
              "skipped": false
            },
            {
              "title": "Cadastro com senha e confirmação diferentes",
              "fullTitle": "Cadastro Cadastro com senha e confirmação diferentes",
              "timedOut": null,
              "duration": 6769,
              "state": "failed",
              "speed": null,
              "pass": false,
              "fail": true,
              "pending": false,
              "context": null,
              "code": "const state = window.testState;\nreturn cy\n  .then(() => state.onStartScenario(scenario, indexedSteps))\n  .then(() =>\n    resolveAndRunBeforeHooks.call(this, scenario.tags, state.feature.name)\n  )\n  .then(() =>\n    indexedSteps.forEach((step) =>\n      stepTest.call(this, state, step, rowData)\n    )\n  )\n  .then(() => state.onFinishScenario(scenario));",
              "err": {
                "message": "AssertionError: Timed out retrying after 5000ms: Expected to find content: 'As senhas devem ser iguais' but never did.",
                "estack": "AssertionError: Timed out retrying after 5000ms: Expected to find content: 'As senhas devem ser iguais' but never did.\n    at Context.eval (cypress/e2e/step_definitions/cadastro/cadastro.js:43:24)\n    at Context.resolveAndRunStepDefinition (node_modules/cypress-cucumber-preprocessor/lib/resolveStepDefinition.js:193:0)\n    at Context.eval (node_modules/cypress-cucumber-preprocessor/lib/createTestFromScenario.js:27:0)",
                "diff": null
              },
              "uuid": "02c3dd43-b7fa-455a-9647-a43c989d846f",
              "parentUUID": "f6642150-4981-447c-92a0-70eb732547b8",
              "isHook": false,
              "skipped": false
            }
          ],
          "suites": [],
          "passes": [
            "6d707cf2-ab51-44de-9eec-aeba387b6dd9"
          ],
          "failures": [
            "eb5b74d1-f1e8-4e08-a59b-91fdf8d59a4f",
            "2b85635f-a2f8-44d4-aead-a7682e6d99f9",
            "378f2da3-281e-4d62-9542-ee3843487524",
            "ac4dc2c5-2881-482b-a2d6-569b5144e71e",
            "02c3dd43-b7fa-455a-9647-a43c989d846f"
          ],
          "pending": [],
          "skipped": [],
          "duration": 34130,
          "root": false,
          "rootEmpty": false,
          "_timeout": 2000
        }
      ],
      "passes": [],
      "failures": [],
      "pending": [],
      "skipped": [],
      "duration": 0,
      "root": true,
      "rootEmpty": true,
      "_timeout": 2000
    },
    {
      "uuid": "4f49f121-4d56-4756-998e-14180e88b6ab",
      "title": "",
      "fullFile": "cypress/e2e/step_definitions/login.feature",
      "file": "cypress/e2e/step_definitions/login.feature",
      "beforeHooks": [],
      "afterHooks": [],
      "tests": [],
      "suites": [
        {
          "uuid": "af3f2c33-9268-49bb-a486-6ee7d688a7d4",
          "title": "Login",
          "fullFile": "",
          "file": "",
          "beforeHooks": [],
          "afterHooks": [],
          "tests": [
            {
              "title": "Tentativa de login sem preencher campos obrigatórios",
              "fullTitle": "Login Tentativa de login sem preencher campos obrigatórios",
              "timedOut": null,
              "duration": 5464,
              "state": "failed",
              "speed": null,
              "pass": false,
              "fail": true,
              "pending": false,
              "context": null,
              "code": "const state = window.testState;\nreturn cy\n  .then(() => state.onStartScenario(scenario, indexedSteps))\n  .then(() =>\n    resolveAndRunBeforeHooks.call(this, scenario.tags, state.feature.name)\n  )\n  .then(() =>\n    indexedSteps.forEach((step) =>\n      stepTest.call(this, state, step, rowData)\n    )\n  )\n  .then(() => state.onFinishScenario(scenario));",
              "err": {
                "message": "AssertionError: Timed out retrying after 5000ms: expected '[ <p.input__warging>, 5 more... ]' to contain text 'Usuário e senha precisam ser preenchidos', but the text was ''",
                "estack": "AssertionError: Timed out retrying after 5000ms: expected '[ <p.input__warging>, 5 more... ]' to contain text 'Usuário e senha precisam ser preenchidos', but the text was ''\n    at LoginPage.verificarMensagemCampoObrigatorio (cypress/e2e/pages/loginPage.js:25:39)\n    at Context.eval (cypress/e2e/step_definitions/login/login.js:47:12)\n    at Context.resolveAndRunStepDefinition (node_modules/cypress-cucumber-preprocessor/lib/resolveStepDefinition.js:193:0)\n    at Context.eval (node_modules/cypress-cucumber-preprocessor/lib/createTestFromScenario.js:27:0)",
                "diff": "+ 'Usuário e senha precisam ser preenchidos'\n"
              },
              "uuid": "b480c5f6-f8d7-41a2-a602-604658cbfa80",
              "parentUUID": "af3f2c33-9268-49bb-a486-6ee7d688a7d4",
              "isHook": false,
              "skipped": false
            },
            {
              "title": "Tentativa de login com usuário inválido",
              "fullTitle": "Login Tentativa de login com usuário inválido",
              "timedOut": null,
              "duration": 965,
              "state": "passed",
              "speed": "fast",
              "pass": true,
              "fail": false,
              "pending": false,
              "context": null,
              "code": "const state = window.testState;\nreturn cy\n  .then(() => state.onStartScenario(scenario, indexedSteps))\n  .then(() =>\n    resolveAndRunBeforeHooks.call(this, scenario.tags, state.feature.name)\n  )\n  .then(() =>\n    indexedSteps.forEach((step) =>\n      stepTest.call(this, state, step, rowData)\n    )\n  )\n  .then(() => state.onFinishScenario(scenario));",
              "err": {},
              "uuid": "7f9180de-7643-4739-ba7b-fc25ca92d868",
              "parentUUID": "af3f2c33-9268-49bb-a486-6ee7d688a7d4",
              "isHook": false,
              "skipped": false
            },
            {
              "title": "Login com sucesso",
              "fullTitle": "Login Login com sucesso",
              "timedOut": null,
              "duration": 2014,
              "state": "passed",
              "speed": "fast",
              "pass": true,
              "fail": false,
              "pending": false,
              "context": null,
              "code": "const state = window.testState;\nreturn cy\n  .then(() => state.onStartScenario(scenario, indexedSteps))\n  .then(() =>\n    resolveAndRunBeforeHooks.call(this, scenario.tags, state.feature.name)\n  )\n  .then(() =>\n    indexedSteps.forEach((step) =>\n      stepTest.call(this, state, step, rowData)\n    )\n  )\n  .then(() => state.onFinishScenario(scenario));",
              "err": {},
              "uuid": "49a58def-0420-4e22-9828-b325062a2de6",
              "parentUUID": "af3f2c33-9268-49bb-a486-6ee7d688a7d4",
              "isHook": false,
              "skipped": false
            },
            {
              "title": "Logout do sistema",
              "fullTitle": "Login Logout do sistema",
              "timedOut": null,
              "duration": 2876,
              "state": "passed",
              "speed": "fast",
              "pass": true,
              "fail": false,
              "pending": false,
              "context": null,
              "code": "const state = window.testState;\nreturn cy\n  .then(() => state.onStartScenario(scenario, indexedSteps))\n  .then(() =>\n    resolveAndRunBeforeHooks.call(this, scenario.tags, state.feature.name)\n  )\n  .then(() =>\n    indexedSteps.forEach((step) =>\n      stepTest.call(this, state, step, rowData)\n    )\n  )\n  .then(() => state.onFinishScenario(scenario));",
              "err": {},
              "uuid": "e9abd896-fce4-4e0e-b969-e4504f9ba7f4",
              "parentUUID": "af3f2c33-9268-49bb-a486-6ee7d688a7d4",
              "isHook": false,
              "skipped": false
            }
          ],
          "suites": [],
          "passes": [
            "7f9180de-7643-4739-ba7b-fc25ca92d868",
            "49a58def-0420-4e22-9828-b325062a2de6",
            "e9abd896-fce4-4e0e-b969-e4504f9ba7f4"
          ],
          "failures": [
            "b480c5f6-f8d7-41a2-a602-604658cbfa80"
          ],
          "pending": [],
          "skipped": [],
          "duration": 11319,
          "root": false,
          "rootEmpty": false,
          "_timeout": 2000
        }
      ],
      "passes": [],
      "failures": [],
      "pending": [],
      "skipped": [],
      "duration": 0,
      "root": true,
      "rootEmpty": true,
      "_timeout": 2000
    }
  ],
  "meta": {
    "mocha": {
      "version": "7.0.1"
    },
    "mochawesome": {
      "options": {
        "quiet": false,
        "reportFilename": "mochawesome",
        "saveHtml": true,
        "saveJson": true,
        "consoleReporter": "spec",
        "useInlineDiffs": false,
        "code": true
      },
      "version": "7.1.3"
    },
    "marge": {
      "options": {
        "reportDir": "cypress/reports",
        "overwrite": false,
        "html": true,
        "json": true
      },
      "version": "6.2.0"
    }
  }
}