{
  "stats": {
    "suites": 2,
    "tests": 10,
    "passes": 5,
    "pending": 0,
    "failures": 5,
    "testsRegistered": 10,
    "passPercent": 50,
    "pendingPercent": 0,
    "other": 0,
    "hasOther": false,
    "skipped": 0,
    "hasSkipped": false,
    "start": "2025-08-21T11:11:09.166Z",
    "end": "2025-08-21T11:11:59.950Z",
    "duration": 50784
  },
  "results": [
    {
      "uuid": "fb5cc3ac-48c0-408a-a571-0f3be5c0d4c3",
      "title": "",
      "fullFile": "cypress/e2e/step_definitions/cadastro.feature",
      "file": "cypress/e2e/step_definitions/cadastro.feature",
      "beforeHooks": [],
      "afterHooks": [],
      "tests": [],
      "suites": [
        {
          "uuid": "7f5c6392-dd40-4e8b-a73a-46a75b31291f",
          "title": "Cadastro",
          "fullFile": "",
          "file": "",
          "beforeHooks": [],
          "afterHooks": [],
          "tests": [
            {
              "title": "Cadastro com todos os campos preenchidos e saldo ativado",
              "fullTitle": "Cadastro Cadastro com todos os campos preenchidos e saldo ativado",
              "timedOut": null,
              "duration": 2955,
              "state": "passed",
              "speed": "fast",
              "pass": true,
              "fail": false,
              "pending": false,
              "context": null,
              "code": "const state = window.testState;\nreturn cy\n  .then(() => state.onStartScenario(scenario, indexedSteps))\n  .then(() =>\n    resolveAndRunBeforeHooks.call(this, scenario.tags, state.feature.name)\n  )\n  .then(() =>\n    indexedSteps.forEach((step) =>\n      stepTest.call(this, state, step, rowData)\n    )\n  )\n  .then(() => state.onFinishScenario(scenario));",
              "err": {},
              "uuid": "a24ec408-6988-4fb2-a67a-09f156c5b5c9",
              "parentUUID": "7f5c6392-dd40-4e8b-a73a-46a75b31291f",
              "isHook": false,
              "skipped": false
            },
            {
              "title": "Cadastro sem preencher nome",
              "fullTitle": "Cadastro Cadastro sem preencher nome",
              "timedOut": null,
              "duration": 2050,
              "state": "passed",
              "speed": "fast",
              "pass": true,
              "fail": false,
              "pending": false,
              "context": null,
              "code": "const state = window.testState;\nreturn cy\n  .then(() => state.onStartScenario(scenario, indexedSteps))\n  .then(() =>\n    resolveAndRunBeforeHooks.call(this, scenario.tags, state.feature.name)\n  )\n  .then(() =>\n    indexedSteps.forEach((step) =>\n      stepTest.call(this, state, step, rowData)\n    )\n  )\n  .then(() => state.onFinishScenario(scenario));",
              "err": {},
              "uuid": "d2ef6cce-39e9-4859-aace-3d5cef1c53f7",
              "parentUUID": "7f5c6392-dd40-4e8b-a73a-46a75b31291f",
              "isHook": false,
              "skipped": false
            },
            {
              "title": "Cadastro sem preencher email",
              "fullTitle": "Cadastro Cadastro sem preencher email",
              "timedOut": null,
              "duration": 6478,
              "state": "failed",
              "speed": null,
              "pass": false,
              "fail": true,
              "pending": false,
              "context": null,
              "code": "const state = window.testState;\nreturn cy\n  .then(() => state.onStartScenario(scenario, indexedSteps))\n  .then(() =>\n    resolveAndRunBeforeHooks.call(this, scenario.tags, state.feature.name)\n  )\n  .then(() =>\n    indexedSteps.forEach((step) =>\n      stepTest.call(this, state, step, rowData)\n    )\n  )\n  .then(() => state.onFinishScenario(scenario));",
              "err": {
                "message": "AssertionError: Timed out retrying after 5000ms: Expected to find content: 'Email não pode ser vazio' but never did.",
                "estack": "AssertionError: Timed out retrying after 5000ms: Expected to find content: 'Email não pode ser vazio' but never did.\n    at Context.eval (cypress/e2e/step_definitions/cadastro/cadastro.js:43:24)\n    at Context.resolveAndRunStepDefinition (node_modules/cypress-cucumber-preprocessor/lib/resolveStepDefinition.js:193:0)\n    at Context.eval (node_modules/cypress-cucumber-preprocessor/lib/createTestFromScenario.js:27:0)",
                "diff": null
              },
              "uuid": "858e6b04-0d0d-4ff0-a439-94269f83d927",
              "parentUUID": "7f5c6392-dd40-4e8b-a73a-46a75b31291f",
              "isHook": false,
              "skipped": false
            },
            {
              "title": "Cadastro sem preencher senha",
              "fullTitle": "Cadastro Cadastro sem preencher senha",
              "timedOut": null,
              "duration": 6604,
              "state": "failed",
              "speed": null,
              "pass": false,
              "fail": true,
              "pending": false,
              "context": null,
              "code": "const state = window.testState;\nreturn cy\n  .then(() => state.onStartScenario(scenario, indexedSteps))\n  .then(() =>\n    resolveAndRunBeforeHooks.call(this, scenario.tags, state.feature.name)\n  )\n  .then(() =>\n    indexedSteps.forEach((step) =>\n      stepTest.call(this, state, step, rowData)\n    )\n  )\n  .then(() => state.onFinishScenario(scenario));",
              "err": {
                "message": "AssertionError: Timed out retrying after 5000ms: Expected to find content: 'Senha não pode ser vazio' but never did.",
                "estack": "AssertionError: Timed out retrying after 5000ms: Expected to find content: 'Senha não pode ser vazio' but never did.\n    at Context.eval (cypress/e2e/step_definitions/cadastro/cadastro.js:43:24)\n    at Context.resolveAndRunStepDefinition (node_modules/cypress-cucumber-preprocessor/lib/resolveStepDefinition.js:193:0)\n    at Context.eval (node_modules/cypress-cucumber-preprocessor/lib/createTestFromScenario.js:27:0)",
                "diff": null
              },
              "uuid": "6042bf84-5dc3-4285-b17f-5882e2ff0fae",
              "parentUUID": "7f5c6392-dd40-4e8b-a73a-46a75b31291f",
              "isHook": false,
              "skipped": false
            },
            {
              "title": "Cadastro sem preencher confirmação de senha",
              "fullTitle": "Cadastro Cadastro sem preencher confirmação de senha",
              "timedOut": null,
              "duration": 6449,
              "state": "failed",
              "speed": null,
              "pass": false,
              "fail": true,
              "pending": false,
              "context": null,
              "code": "const state = window.testState;\nreturn cy\n  .then(() => state.onStartScenario(scenario, indexedSteps))\n  .then(() =>\n    resolveAndRunBeforeHooks.call(this, scenario.tags, state.feature.name)\n  )\n  .then(() =>\n    indexedSteps.forEach((step) =>\n      stepTest.call(this, state, step, rowData)\n    )\n  )\n  .then(() => state.onFinishScenario(scenario));",
              "err": {
                "message": "AssertionError: Timed out retrying after 5000ms: Expected to find content: 'Confirmar senha não pode ser vazio' but never did.",
                "estack": "AssertionError: Timed out retrying after 5000ms: Expected to find content: 'Confirmar senha não pode ser vazio' but never did.\n    at Context.eval (cypress/e2e/step_definitions/cadastro/cadastro.js:43:24)\n    at Context.resolveAndRunStepDefinition (node_modules/cypress-cucumber-preprocessor/lib/resolveStepDefinition.js:193:0)\n    at Context.eval (node_modules/cypress-cucumber-preprocessor/lib/createTestFromScenario.js:27:0)",
                "diff": null
              },
              "uuid": "be5fab0c-16bd-40b6-98f8-07c390050bbc",
              "parentUUID": "7f5c6392-dd40-4e8b-a73a-46a75b31291f",
              "isHook": false,
              "skipped": false
            },
            {
              "title": "Cadastro com senha e confirmação diferentes",
              "fullTitle": "Cadastro Cadastro com senha e confirmação diferentes",
              "timedOut": null,
              "duration": 6634,
              "state": "failed",
              "speed": null,
              "pass": false,
              "fail": true,
              "pending": false,
              "context": null,
              "code": "const state = window.testState;\nreturn cy\n  .then(() => state.onStartScenario(scenario, indexedSteps))\n  .then(() =>\n    resolveAndRunBeforeHooks.call(this, scenario.tags, state.feature.name)\n  )\n  .then(() =>\n    indexedSteps.forEach((step) =>\n      stepTest.call(this, state, step, rowData)\n    )\n  )\n  .then(() => state.onFinishScenario(scenario));",
              "err": {
                "message": "AssertionError: Timed out retrying after 5000ms: Expected to find content: 'As senhas devem ser iguais' but never did.",
                "estack": "AssertionError: Timed out retrying after 5000ms: Expected to find content: 'As senhas devem ser iguais' but never did.\n    at Context.eval (cypress/e2e/step_definitions/cadastro/cadastro.js:43:24)\n    at Context.resolveAndRunStepDefinition (node_modules/cypress-cucumber-preprocessor/lib/resolveStepDefinition.js:193:0)\n    at Context.eval (node_modules/cypress-cucumber-preprocessor/lib/createTestFromScenario.js:27:0)",
                "diff": null
              },
              "uuid": "07eb58f8-3c61-4351-932a-3a3ee6c959a8",
              "parentUUID": "7f5c6392-dd40-4e8b-a73a-46a75b31291f",
              "isHook": false,
              "skipped": false
            }
          ],
          "suites": [],
          "passes": [
            "a24ec408-6988-4fb2-a67a-09f156c5b5c9",
            "d2ef6cce-39e9-4859-aace-3d5cef1c53f7"
          ],
          "failures": [
            "858e6b04-0d0d-4ff0-a439-94269f83d927",
            "6042bf84-5dc3-4285-b17f-5882e2ff0fae",
            "be5fab0c-16bd-40b6-98f8-07c390050bbc",
            "07eb58f8-3c61-4351-932a-3a3ee6c959a8"
          ],
          "pending": [],
          "skipped": [],
          "duration": 31170,
          "root": false,
          "rootEmpty": false,
          "_timeout": 2000
        }
      ],
      "passes": [],
      "failures": [],
      "pending": [],
      "skipped": [],
      "duration": 0,
      "root": true,
      "rootEmpty": true,
      "_timeout": 2000
    },
    {
      "uuid": "92812ddb-f638-4d81-b0d0-b4674d58996f",
      "title": "",
      "fullFile": "cypress/e2e/step_definitions/login.feature",
      "file": "cypress/e2e/step_definitions/login.feature",
      "beforeHooks": [],
      "afterHooks": [],
      "tests": [],
      "suites": [
        {
          "uuid": "9402bf3a-08ab-4590-bee2-dec3f0af9164",
          "title": "Login",
          "fullFile": "",
          "file": "",
          "beforeHooks": [],
          "afterHooks": [],
          "tests": [
            {
              "title": "Tentativa de login sem preencher campos obrigatórios",
              "fullTitle": "Login Tentativa de login sem preencher campos obrigatórios",
              "timedOut": null,
              "duration": 5470,
              "state": "failed",
              "speed": null,
              "pass": false,
              "fail": true,
              "pending": false,
              "context": null,
              "code": "const state = window.testState;\nreturn cy\n  .then(() => state.onStartScenario(scenario, indexedSteps))\n  .then(() =>\n    resolveAndRunBeforeHooks.call(this, scenario.tags, state.feature.name)\n  )\n  .then(() =>\n    indexedSteps.forEach((step) =>\n      stepTest.call(this, state, step, rowData)\n    )\n  )\n  .then(() => state.onFinishScenario(scenario));",
              "err": {
                "message": "AssertionError: Timed out retrying after 5000ms: expected '[ <p.input__warging>, 5 more... ]' to contain text 'Usuário e senha precisam ser preenchidos', but the text was 'É campo obrigatórioÉ campo obrigatório'",
                "estack": "AssertionError: Timed out retrying after 5000ms: expected '[ <p.input__warging>, 5 more... ]' to contain text 'Usuário e senha precisam ser preenchidos', but the text was 'É campo obrigatórioÉ campo obrigatório'\n    at LoginPage.verificarMensagemCampoObrigatorio (cypress/e2e/pages/loginPage.js:25:39)\n    at Context.eval (cypress/e2e/step_definitions/login/login.js:47:12)\n    at Context.resolveAndRunStepDefinition (node_modules/cypress-cucumber-preprocessor/lib/resolveStepDefinition.js:193:0)\n    at Context.eval (node_modules/cypress-cucumber-preprocessor/lib/createTestFromScenario.js:27:0)",
                "diff": "- 'É campo obrigatórioÉ campo obrigatório'\n+ 'Usuário e senha precisam ser preenchidos'\n"
              },
              "uuid": "67b4c3ea-5fbc-4766-ab17-1bca04170238",
              "parentUUID": "9402bf3a-08ab-4590-bee2-dec3f0af9164",
              "isHook": false,
              "skipped": false
            },
            {
              "title": "Tentativa de login com usuário inválido",
              "fullTitle": "Login Tentativa de login com usuário inválido",
              "timedOut": null,
              "duration": 772,
              "state": "passed",
              "speed": "fast",
              "pass": true,
              "fail": false,
              "pending": false,
              "context": null,
              "code": "const state = window.testState;\nreturn cy\n  .then(() => state.onStartScenario(scenario, indexedSteps))\n  .then(() =>\n    resolveAndRunBeforeHooks.call(this, scenario.tags, state.feature.name)\n  )\n  .then(() =>\n    indexedSteps.forEach((step) =>\n      stepTest.call(this, state, step, rowData)\n    )\n  )\n  .then(() => state.onFinishScenario(scenario));",
              "err": {},
              "uuid": "f799bf81-19c6-4c16-a925-2206a261ad43",
              "parentUUID": "9402bf3a-08ab-4590-bee2-dec3f0af9164",
              "isHook": false,
              "skipped": false
            },
            {
              "title": "Login com sucesso",
              "fullTitle": "Login Login com sucesso",
              "timedOut": null,
              "duration": 2135,
              "state": "passed",
              "speed": "fast",
              "pass": true,
              "fail": false,
              "pending": false,
              "context": null,
              "code": "const state = window.testState;\nreturn cy\n  .then(() => state.onStartScenario(scenario, indexedSteps))\n  .then(() =>\n    resolveAndRunBeforeHooks.call(this, scenario.tags, state.feature.name)\n  )\n  .then(() =>\n    indexedSteps.forEach((step) =>\n      stepTest.call(this, state, step, rowData)\n    )\n  )\n  .then(() => state.onFinishScenario(scenario));",
              "err": {},
              "uuid": "2e6813a7-62b6-40e0-ad17-37e5b460efad",
              "parentUUID": "9402bf3a-08ab-4590-bee2-dec3f0af9164",
              "isHook": false,
              "skipped": false
            },
            {
              "title": "Logout do sistema",
              "fullTitle": "Login Logout do sistema",
              "timedOut": null,
              "duration": 2002,
              "state": "passed",
              "speed": "fast",
              "pass": true,
              "fail": false,
              "pending": false,
              "context": null,
              "code": "const state = window.testState;\nreturn cy\n  .then(() => state.onStartScenario(scenario, indexedSteps))\n  .then(() =>\n    resolveAndRunBeforeHooks.call(this, scenario.tags, state.feature.name)\n  )\n  .then(() =>\n    indexedSteps.forEach((step) =>\n      stepTest.call(this, state, step, rowData)\n    )\n  )\n  .then(() => state.onFinishScenario(scenario));",
              "err": {},
              "uuid": "4cc1e19a-4653-42f7-9029-28b65b624108",
              "parentUUID": "9402bf3a-08ab-4590-bee2-dec3f0af9164",
              "isHook": false,
              "skipped": false
            }
          ],
          "suites": [],
          "passes": [
            "f799bf81-19c6-4c16-a925-2206a261ad43",
            "2e6813a7-62b6-40e0-ad17-37e5b460efad",
            "4cc1e19a-4653-42f7-9029-28b65b624108"
          ],
          "failures": [
            "67b4c3ea-5fbc-4766-ab17-1bca04170238"
          ],
          "pending": [],
          "skipped": [],
          "duration": 10379,
          "root": false,
          "rootEmpty": false,
          "_timeout": 2000
        }
      ],
      "passes": [],
      "failures": [],
      "pending": [],
      "skipped": [],
      "duration": 0,
      "root": true,
      "rootEmpty": true,
      "_timeout": 2000
    }
  ],
  "meta": {
    "mocha": {
      "version": "7.0.1"
    },
    "mochawesome": {
      "options": {
        "quiet": false,
        "reportFilename": "mochawesome",
        "saveHtml": true,
        "saveJson": true,
        "consoleReporter": "spec",
        "useInlineDiffs": false,
        "code": true
      },
      "version": "7.1.3"
    },
    "marge": {
      "options": {
        "reportDir": "cypress/reports",
        "overwrite": false,
        "html": true,
        "json": true
      },
      "version": "6.2.0"
    }
  }
}